<?xml version="1.0" encoding="UTF-8"?>
<testng-results ignored="0" total="2" passed="2" failed="0" skipped="0">
  <reporter-output>
  </reporter-output>
  <suite started-at="2021-11-17T19:49:22 IST" name="Default suite" finished-at="2021-11-17T19:49:22 IST" duration-ms="151">
    <groups>
    </groups>
    <test started-at="2021-11-17T19:49:22 IST" name="Default test" finished-at="2021-11-17T19:49:22 IST" duration-ms="151">
      <class name="Array_Programs.Sort">
        <test-method signature="sortAscendig()[pri:0, instance:Array_Programs.Sort@3c947bc5]" started-at="2021-11-17T19:49:22 IST" name="sortAscendig" finished-at="2021-11-17T19:49:22 IST" duration-ms="25" status="PASS">
          <reporter-output>
          </reporter-output>
        </test-method> <!-- sortAscendig -->
        <test-method signature="sortDescendig()[pri:0, instance:Array_Programs.Sort@3c947bc5]" started-at="2021-11-17T19:49:22 IST" name="sortDescendig" finished-at="2021-11-17T19:49:22 IST" duration-ms="3" status="PASS">
          <reporter-output>
          </reporter-output>
        </test-method> <!-- sortDescendig -->
      </class> <!-- Array_Programs.Sort -->
    </test> <!-- Default test -->
  </suite> <!-- Default suite -->
</testng-results>
